<?xml version="1.0" encoding="UTF-8"?>
<!-- Generated by org.testng.reporters.JUnitReportReporter -->
<testsuite hostname="ADMIN-PC" failures="0" tests="1" name="in.selenium.sample.sampleproject.sample" time="0.024" errors="0" timestamp="2022-03-13T01:44:22 IST" skipped="0">
  <testcase classname="in.selenium.sample.sampleproject.sample" name="testcase" time="0.024"/>
  <system-out/>
</testsuite> <!-- in.selenium.sample.sampleproject.sample -->
