<?xml version="1.0" encoding="UTF-8"?>
<!-- Generated by org.testng.reporters.JUnitReportReporter -->
<testsuite hostname="ADMIN-PC" failures="0" tests="1" name="in.selenium.sample.sampleproject.sample" time="0.011" errors="0" timestamp="2022-03-13T01:44:59 IST" skipped="0">
  <testcase classname="in.selenium.sample.sampleproject.sample" name="testcase" time="0.011"/>
  <system-out/>
</testsuite> <!-- in.selenium.sample.sampleproject.sample -->
